[debug] [2017-07-20T17:23:58.842Z] ----------------------------------------------------------------------
[debug] [2017-07-20T17:23:58.844Z] Command:      /Users/arnelle/.nvm/versions/node/v8.1.3/bin/node /Users/arnelle/.nvm/versions/node/v8.1.3/bin/firebase serve
[debug] [2017-07-20T17:23:58.844Z] CLI Version:  3.9.1
[debug] [2017-07-20T17:23:58.844Z] Platform:     darwin
[debug] [2017-07-20T17:23:58.844Z] Node Version: v8.1.3
[debug] [2017-07-20T17:23:58.844Z] Time:         Fri Jul 21 2017 01:23:58 GMT+0800 (+08)
[debug] [2017-07-20T17:23:58.844Z] ----------------------------------------------------------------------
[debug] 
[debug] [2017-07-20T17:23:58.858Z] > command requires scopes: ["email","openid","https://www.googleapis.com/auth/cloudplatformprojects.readonly","https://www.googleapis.com/auth/firebase","https://www.googleapis.com/auth/cloud-platform"]
[debug] [2017-07-20T17:23:58.858Z] > authorizing via signed-in user
[debug] [2017-07-20T17:23:58.859Z] > refreshing access token with scopes: ["email","https://www.googleapis.com/auth/cloud-platform","https://www.googleapis.com/auth/cloudplatformprojects.readonly","https://www.googleapis.com/auth/firebase","openid"]
[debug] [2017-07-20T17:23:58.860Z] >>> HTTP REQUEST POST https://www.googleapis.com/oauth2/v3/token { refresh_token: '1/yDuEuj8EP-tbHPkeDVpWg-DvoIM6DvlZnwuyzvETvaM',
  client_id: '563584335869-fgrhgmd47bqnekij5i8b5pr03ho849e6.apps.googleusercontent.com',
  client_secret: 'j9iVZfS8kkCEFUPaAeJV0sAi',
  grant_type: 'refresh_token',
  scope: 'email https://www.googleapis.com/auth/cloud-platform https://www.googleapis.com/auth/cloudplatformprojects.readonly https://www.googleapis.com/auth/firebase openid' } 
 Fri Jul 21 2017 01:23:58 GMT+0800 (+08)
[debug] [2017-07-20T17:23:59.535Z] <<< HTTP RESPONSE 200
[debug] [2017-07-20T17:23:59.550Z] >>> HTTP REQUEST GET https://admin.firebase.com/v1/projects/ioextendedcebu  
 Fri Jul 21 2017 01:23:59 GMT+0800 (+08)
[debug] [2017-07-20T17:24:01.848Z] <<< HTTP RESPONSE 200
[debug] [2017-07-20T17:24:01.849Z] >>> HTTP REQUEST GET https://admin.firebase.com/v1/database/ioextendedcebu/tokens  
 Fri Jul 21 2017 01:24:01 GMT+0800 (+08)
[debug] [2017-07-20T17:24:03.691Z] <<< HTTP RESPONSE 200
[info] 
[info] === Serving from '/Users/arnelle/dev/gdgcebu/iox17'...
[info] 
[debug] [2017-07-20T17:24:03.693Z] >>> HTTP REQUEST GET https://cloudresourcemanager.googleapis.com/v1/projects/ioextendedcebu  
 Fri Jul 21 2017 01:24:03 GMT+0800 (+08)
[debug] [2017-07-20T17:24:05.020Z] <<< HTTP RESPONSE 200
[debug] [2017-07-20T17:24:05.020Z] >>> HTTP REQUEST GET https://mobilesdk-pa.googleapis.com/v1/projects/509265492615/clients/_:getWebAppConfig  
 Fri Jul 21 2017 01:24:05 GMT+0800 (+08)
[debug] [2017-07-20T17:24:06.866Z] <<< HTTP RESPONSE 200
[info] ✔  hosting: Local server: http://localhost:5000

